0 verbose cli C:\Program Files\nodejs\node.exe C:\Program Files\nodejs\node_modules\npm\bin\npm-cli.js
1 info using npm@11.6.2
2 info using node@v24.12.0
3 silly config load:file:C:\Program Files\nodejs\node_modules\npm\npmrc
4 silly config load:file:C:\Users\AlexT\OneDrive\Desktop\VV33\V3-main\.npmrc
5 silly config load:file:C:\Users\AlexT\.npmrc
6 silly config load:file:C:\Users\AlexT\AppData\Roaming\npm\etc\npmrc
7 verbose title npm exec playwright screenshot --channel=chrome --full-page --wait-for-timeout=1500 --viewport-size=1664,2264 file:///C:/Users/AlexT/OneDrive/Desktop/VV33/V3-main/output/zen-infographic/index.html C:\Users\AlexT\OneDrive\Desktop\VV33\V3-main\output\zen-infographic\zen-vanguard-infographic.png
8 verbose argv "exec" "--yes" "--cache" "C:\\Users\\AlexT\\OneDrive\\Desktop\\VV33\\V3-main\\.npm-cache" "--" "playwright" "screenshot" "--channel=chrome" "--full-page" "--wait-for-timeout=1500" "--viewport-size=1664,2264" "file:///C:/Users/AlexT/OneDrive/Desktop/VV33/V3-main/output/zen-infographic/index.html" "C:\\Users\\AlexT\\OneDrive\\Desktop\\VV33\\V3-main\\output\\zen-infographic\\zen-vanguard-infographic.png"
9 verbose logfile logs-max:10 dir:C:\Users\AlexT\OneDrive\Desktop\VV33\V3-main\.npm-cache\_logs\2026-04-16T20_15_40_473Z-
10 verbose logfile C:\Users\AlexT\OneDrive\Desktop\VV33\V3-main\.npm-cache\_logs\2026-04-16T20_15_40_473Z-debug-0.log
11 silly logfile done cleaning log files
12 silly packumentCache heap:4496293888 maxSize:1124073472 maxEntrySize:562036736
13 verbose shrinkwrap failed to load node_modules/.package-lock.json out of date, updated: node_modules
14 http fetch GET 200 https://registry.npmjs.org/playwright 275ms (cache revalidated)
15 silly packumentCache heap:4496293888 maxSize:1124073472 maxEntrySize:562036736
16 silly packumentCache heap:4496293888 maxSize:1124073472 maxEntrySize:562036736
17 verbose cwd C:\Users\AlexT\OneDrive\Desktop\VV33\V3-main
18 verbose os Windows_NT 10.0.26200
19 verbose node v24.12.0
20 verbose npm  v11.6.2
21 verbose exit 1
22 verbose code 1
