0 verbose cli C:\Program Files\nodejs\node.exe C:\Program Files\nodejs\node_modules\npm\bin\npm-cli.js
1 info using npm@11.6.2
2 info using node@v24.12.0
3 silly config load:file:C:\Program Files\nodejs\node_modules\npm\npmrc
4 silly config load:file:C:\Users\AlexT\OneDrive\Desktop\VV33\V3-main\output\zen-infographic\.sharp-runtime\.npmrc
5 silly config load:file:C:\Users\AlexT\.npmrc
6 silly config load:file:C:\Users\AlexT\OneDrive\Desktop\VV33\V3-main\output\zen-infographic\.sharp-runtime\etc\npmrc
7 verbose title npm install sharp
8 verbose argv "install" "--prefix" "C:\\Users\\AlexT\\OneDrive\\Desktop\\VV33\\V3-main\\output\\zen-infographic\\.sharp-runtime" "--cache" "C:\\Users\\AlexT\\OneDrive\\Desktop\\VV33\\V3-main\\.npm-cache" "sharp"
9 verbose logfile logs-max:10 dir:C:\Users\AlexT\OneDrive\Desktop\VV33\V3-main\.npm-cache\_logs\2026-04-16T20_18_23_665Z-
10 verbose logfile C:\Users\AlexT\OneDrive\Desktop\VV33\V3-main\.npm-cache\_logs\2026-04-16T20_18_23_665Z-debug-0.log
11 silly logfile done cleaning log files
12 silly packumentCache heap:4496293888 maxSize:1124073472 maxEntrySize:562036736
13 silly idealTree buildDeps
14 silly fetch manifest sharp@*
15 silly packumentCache full:https://registry.npmjs.org/sharp cache-miss
16 http fetch GET 200 https://registry.npmjs.org/sharp 258ms (cache miss)
17 silly packumentCache full:https://registry.npmjs.org/sharp set size:undefined disposed:false
18 silly placeDep ROOT sharp@0.34.5 OK for:  want: *
19 silly fetch manifest semver@^7.7.3
20 silly packumentCache full:https://registry.npmjs.org/semver cache-miss
21 silly fetch manifest @img/colour@^1.0.0
22 silly packumentCache full:https://registry.npmjs.org/@img%2fcolour cache-miss
23 silly fetch manifest detect-libc@^2.1.2
24 silly packumentCache full:https://registry.npmjs.org/detect-libc cache-miss
25 silly fetch manifest @img/sharp-wasm32@0.34.5
26 silly packumentCache full:https://registry.npmjs.org/@img%2fsharp-wasm32 cache-miss
27 silly fetch manifest @img/sharp-linux-arm@0.34.5
28 silly packumentCache full:https://registry.npmjs.org/@img%2fsharp-linux-arm cache-miss
29 silly fetch manifest @img/sharp-linux-x64@0.34.5
30 silly packumentCache full:https://registry.npmjs.org/@img%2fsharp-linux-x64 cache-miss
31 silly fetch manifest @img/sharp-win32-x64@0.34.5
32 silly packumentCache full:https://registry.npmjs.org/@img%2fsharp-win32-x64 cache-miss
33 http fetch GET 200 https://registry.npmjs.org/semver 134ms (cache miss)
34 silly packumentCache full:https://registry.npmjs.org/semver set size:undefined disposed:false
35 silly fetch manifest @img/sharp-darwin-x64@0.34.5
36 silly packumentCache full:https://registry.npmjs.org/@img%2fsharp-darwin-x64 cache-miss
37 http fetch GET 200 https://registry.npmjs.org/detect-libc 242ms (cache miss)
38 silly packumentCache full:https://registry.npmjs.org/detect-libc set size:undefined disposed:false
39 silly fetch manifest @img/sharp-win32-ia32@0.34.5
40 silly packumentCache full:https://registry.npmjs.org/@img%2fsharp-win32-ia32 cache-miss
41 http fetch GET 200 https://registry.npmjs.org/@img%2fsharp-darwin-x64 120ms (cache miss)
42 silly packumentCache full:https://registry.npmjs.org/@img%2fsharp-darwin-x64 set size:undefined disposed:false
43 silly fetch manifest @img/sharp-linux-arm64@0.34.5
44 silly packumentCache full:https://registry.npmjs.org/@img%2fsharp-linux-arm64 cache-miss
45 http fetch GET 200 https://registry.npmjs.org/@img%2fsharp-linux-arm 266ms (cache miss)
46 silly packumentCache full:https://registry.npmjs.org/@img%2fsharp-linux-arm set size:undefined disposed:false
47 silly fetch manifest @img/sharp-linux-ppc64@0.34.5
48 silly packumentCache full:https://registry.npmjs.org/@img%2fsharp-linux-ppc64 cache-miss
49 http fetch GET 200 https://registry.npmjs.org/@img%2fcolour 283ms (cache miss)
50 silly packumentCache full:https://registry.npmjs.org/@img%2fcolour set size:undefined disposed:false
51 silly fetch manifest @img/sharp-linux-s390x@0.34.5
52 silly packumentCache full:https://registry.npmjs.org/@img%2fsharp-linux-s390x cache-miss
53 http fetch GET 200 https://registry.npmjs.org/@img%2fsharp-linux-x64 287ms (cache miss)
54 silly packumentCache full:https://registry.npmjs.org/@img%2fsharp-linux-x64 set size:undefined disposed:false
55 silly fetch manifest @img/sharp-win32-arm64@0.34.5
56 silly packumentCache full:https://registry.npmjs.org/@img%2fsharp-win32-arm64 cache-miss
57 http fetch GET 200 https://registry.npmjs.org/@img%2fsharp-wasm32 302ms (cache miss)
58 silly packumentCache full:https://registry.npmjs.org/@img%2fsharp-wasm32 set size:undefined disposed:false
59 silly fetch manifest @img/sharp-darwin-arm64@0.34.5
60 silly packumentCache full:https://registry.npmjs.org/@img%2fsharp-darwin-arm64 cache-miss
61 http fetch GET 200 https://registry.npmjs.org/@img%2fsharp-win32-x64 315ms (cache miss)
62 silly packumentCache full:https://registry.npmjs.org/@img%2fsharp-win32-x64 set size:undefined disposed:false
63 silly fetch manifest @img/sharp-linux-riscv64@0.34.5
64 silly packumentCache full:https://registry.npmjs.org/@img%2fsharp-linux-riscv64 cache-miss
65 http fetch GET 200 https://registry.npmjs.org/@img%2fsharp-linux-arm64 95ms (cache miss)
66 silly packumentCache full:https://registry.npmjs.org/@img%2fsharp-linux-arm64 set size:undefined disposed:false
67 silly fetch manifest @img/sharp-linuxmusl-x64@0.34.5
68 silly packumentCache full:https://registry.npmjs.org/@img%2fsharp-linuxmusl-x64 cache-miss
69 http fetch GET 200 https://registry.npmjs.org/@img%2fsharp-win32-ia32 116ms (cache miss)
70 silly packumentCache full:https://registry.npmjs.org/@img%2fsharp-win32-ia32 set size:undefined disposed:false
71 silly fetch manifest @img/sharp-linuxmusl-arm64@0.34.5
72 silly packumentCache full:https://registry.npmjs.org/@img%2fsharp-linuxmusl-arm64 cache-miss
73 http fetch GET 200 https://registry.npmjs.org/@img%2fsharp-win32-arm64 93ms (cache miss)
74 silly packumentCache full:https://registry.npmjs.org/@img%2fsharp-win32-arm64 set size:undefined disposed:false
75 silly fetch manifest @img/sharp-libvips-linux-arm@1.2.4
76 silly packumentCache full:https://registry.npmjs.org/@img%2fsharp-libvips-linux-arm cache-miss
77 http fetch GET 200 https://registry.npmjs.org/@img%2fsharp-linux-s390x 111ms (cache miss)
78 silly packumentCache full:https://registry.npmjs.org/@img%2fsharp-linux-s390x set size:undefined disposed:false
79 silly fetch manifest @img/sharp-libvips-linux-x64@1.2.4
80 silly packumentCache full:https://registry.npmjs.org/@img%2fsharp-libvips-linux-x64 cache-miss
81 http fetch GET 200 https://registry.npmjs.org/@img%2fsharp-linux-ppc64 126ms (cache miss)
82 silly packumentCache full:https://registry.npmjs.org/@img%2fsharp-linux-ppc64 set size:undefined disposed:false
83 silly fetch manifest @img/sharp-libvips-darwin-x64@1.2.4
84 silly packumentCache full:https://registry.npmjs.org/@img%2fsharp-libvips-darwin-x64 cache-miss
85 http fetch GET 200 https://registry.npmjs.org/@img%2fsharp-darwin-arm64 137ms (cache miss)
86 silly packumentCache full:https://registry.npmjs.org/@img%2fsharp-darwin-arm64 set size:undefined disposed:false
87 silly fetch manifest @img/sharp-libvips-linux-arm64@1.2.4
88 silly packumentCache full:https://registry.npmjs.org/@img%2fsharp-libvips-linux-arm64 cache-miss
89 http fetch GET 200 https://registry.npmjs.org/@img%2fsharp-linuxmusl-x64 118ms (cache miss)
90 silly packumentCache full:https://registry.npmjs.org/@img%2fsharp-linuxmusl-x64 set size:undefined disposed:false
91 silly fetch manifest @img/sharp-libvips-linux-ppc64@1.2.4
92 silly packumentCache full:https://registry.npmjs.org/@img%2fsharp-libvips-linux-ppc64 cache-miss
93 http fetch GET 200 https://registry.npmjs.org/@img%2fsharp-linuxmusl-arm64 124ms (cache miss)
94 silly packumentCache full:https://registry.npmjs.org/@img%2fsharp-linuxmusl-arm64 set size:undefined disposed:false
95 silly fetch manifest @img/sharp-libvips-linux-s390x@1.2.4
96 silly packumentCache full:https://registry.npmjs.org/@img%2fsharp-libvips-linux-s390x cache-miss
97 http fetch GET 200 https://registry.npmjs.org/@img%2fsharp-linux-riscv64 165ms (cache miss)
98 silly packumentCache full:https://registry.npmjs.org/@img%2fsharp-linux-riscv64 set size:undefined disposed:false
99 silly fetch manifest @img/sharp-libvips-darwin-arm64@1.2.4
100 silly packumentCache full:https://registry.npmjs.org/@img%2fsharp-libvips-darwin-arm64 cache-miss
101 http fetch GET 200 https://registry.npmjs.org/@img%2fsharp-libvips-linux-x64 101ms (cache miss)
102 silly packumentCache full:https://registry.npmjs.org/@img%2fsharp-libvips-linux-x64 set size:undefined disposed:false
103 silly fetch manifest @img/sharp-libvips-linux-riscv64@1.2.4
104 silly packumentCache full:https://registry.npmjs.org/@img%2fsharp-libvips-linux-riscv64 cache-miss
105 http fetch GET 200 https://registry.npmjs.org/@img%2fsharp-libvips-linux-arm 117ms (cache miss)
106 silly packumentCache full:https://registry.npmjs.org/@img%2fsharp-libvips-linux-arm set size:undefined disposed:false
107 silly fetch manifest @img/sharp-libvips-linuxmusl-x64@1.2.4
108 silly packumentCache full:https://registry.npmjs.org/@img%2fsharp-libvips-linuxmusl-x64 cache-miss
109 http fetch GET 200 https://registry.npmjs.org/@img%2fsharp-libvips-darwin-x64 115ms (cache miss)
110 silly packumentCache full:https://registry.npmjs.org/@img%2fsharp-libvips-darwin-x64 set size:undefined disposed:false
111 silly fetch manifest @img/sharp-libvips-linuxmusl-arm64@1.2.4
112 silly packumentCache full:https://registry.npmjs.org/@img%2fsharp-libvips-linuxmusl-arm64 cache-miss
113 http fetch GET 200 https://registry.npmjs.org/@img%2fsharp-libvips-linux-arm64 97ms (cache miss)
114 silly packumentCache full:https://registry.npmjs.org/@img%2fsharp-libvips-linux-arm64 set size:undefined disposed:false
115 http fetch GET 200 https://registry.npmjs.org/@img%2fsharp-libvips-linux-s390x 81ms (cache miss)
116 silly packumentCache full:https://registry.npmjs.org/@img%2fsharp-libvips-linux-s390x set size:undefined disposed:false
117 http fetch GET 200 https://registry.npmjs.org/@img%2fsharp-libvips-linux-ppc64 91ms (cache miss)
118 silly packumentCache full:https://registry.npmjs.org/@img%2fsharp-libvips-linux-ppc64 set size:undefined disposed:false
119 http fetch GET 200 https://registry.npmjs.org/@img%2fsharp-libvips-linux-riscv64 90ms (cache miss)
120 silly packumentCache full:https://registry.npmjs.org/@img%2fsharp-libvips-linux-riscv64 set size:undefined disposed:false
121 http fetch GET 200 https://registry.npmjs.org/@img%2fsharp-libvips-linuxmusl-x64 87ms (cache miss)
122 silly packumentCache full:https://registry.npmjs.org/@img%2fsharp-libvips-linuxmusl-x64 set size:undefined disposed:false
123 http fetch GET 200 https://registry.npmjs.org/@img%2fsharp-libvips-linuxmusl-arm64 86ms (cache miss)
124 silly packumentCache full:https://registry.npmjs.org/@img%2fsharp-libvips-linuxmusl-arm64 set size:undefined disposed:false
125 http fetch GET 200 https://registry.npmjs.org/@img%2fsharp-libvips-darwin-arm64 150ms (cache miss)
126 silly packumentCache full:https://registry.npmjs.org/@img%2fsharp-libvips-darwin-arm64 set size:undefined disposed:false
127 silly placeDep ROOT @img/colour@1.1.0 OK for: sharp@0.34.5 want: ^1.0.0
128 silly placeDep ROOT @img/sharp-darwin-arm64@0.34.5 OK for: sharp@0.34.5 want: 0.34.5
129 silly placeDep ROOT @img/sharp-darwin-x64@0.34.5 OK for: sharp@0.34.5 want: 0.34.5
130 silly placeDep ROOT @img/sharp-libvips-darwin-arm64@1.2.4 OK for: sharp@0.34.5 want: 1.2.4
131 silly placeDep ROOT @img/sharp-libvips-darwin-x64@1.2.4 OK for: sharp@0.34.5 want: 1.2.4
132 silly placeDep ROOT @img/sharp-libvips-linux-arm@1.2.4 OK for: sharp@0.34.5 want: 1.2.4
133 silly placeDep ROOT @img/sharp-libvips-linux-arm64@1.2.4 OK for: sharp@0.34.5 want: 1.2.4
134 silly placeDep ROOT @img/sharp-libvips-linux-ppc64@1.2.4 OK for: sharp@0.34.5 want: 1.2.4
135 silly placeDep ROOT @img/sharp-libvips-linux-riscv64@1.2.4 OK for: sharp@0.34.5 want: 1.2.4
136 silly placeDep ROOT @img/sharp-libvips-linux-s390x@1.2.4 OK for: sharp@0.34.5 want: 1.2.4
137 silly placeDep ROOT @img/sharp-libvips-linux-x64@1.2.4 OK for: sharp@0.34.5 want: 1.2.4
138 silly placeDep ROOT @img/sharp-libvips-linuxmusl-arm64@1.2.4 OK for: sharp@0.34.5 want: 1.2.4
139 silly placeDep ROOT @img/sharp-libvips-linuxmusl-x64@1.2.4 OK for: sharp@0.34.5 want: 1.2.4
140 silly placeDep ROOT @img/sharp-linux-arm@0.34.5 OK for: sharp@0.34.5 want: 0.34.5
141 silly placeDep ROOT @img/sharp-linux-arm64@0.34.5 OK for: sharp@0.34.5 want: 0.34.5
142 silly placeDep ROOT @img/sharp-linux-ppc64@0.34.5 OK for: sharp@0.34.5 want: 0.34.5
143 silly placeDep ROOT @img/sharp-linux-riscv64@0.34.5 OK for: sharp@0.34.5 want: 0.34.5
144 silly placeDep ROOT @img/sharp-linux-s390x@0.34.5 OK for: sharp@0.34.5 want: 0.34.5
145 silly placeDep ROOT @img/sharp-linux-x64@0.34.5 OK for: sharp@0.34.5 want: 0.34.5
146 silly placeDep ROOT @img/sharp-linuxmusl-arm64@0.34.5 OK for: sharp@0.34.5 want: 0.34.5
147 silly placeDep ROOT @img/sharp-linuxmusl-x64@0.34.5 OK for: sharp@0.34.5 want: 0.34.5
148 silly placeDep ROOT @img/sharp-wasm32@0.34.5 OK for: sharp@0.34.5 want: 0.34.5
149 silly placeDep ROOT @img/sharp-win32-arm64@0.34.5 OK for: sharp@0.34.5 want: 0.34.5
150 silly placeDep ROOT @img/sharp-win32-ia32@0.34.5 OK for: sharp@0.34.5 want: 0.34.5
151 silly placeDep ROOT @img/sharp-win32-x64@0.34.5 OK for: sharp@0.34.5 want: 0.34.5
152 silly placeDep ROOT detect-libc@2.1.2 OK for: sharp@0.34.5 want: ^2.1.2
153 silly placeDep ROOT semver@7.7.4 OK for: sharp@0.34.5 want: ^7.7.3
154 silly fetch manifest @emnapi/runtime@^1.7.0
155 silly packumentCache full:https://registry.npmjs.org/@emnapi%2fruntime cache-miss
156 http fetch GET 200 https://registry.npmjs.org/@emnapi%2fruntime 82ms (cache miss)
157 silly packumentCache full:https://registry.npmjs.org/@emnapi%2fruntime set size:undefined disposed:false
158 silly placeDep ROOT @emnapi/runtime@1.10.0 OK for: @img/sharp-wasm32@0.34.5 want: ^1.7.0
159 silly fetch manifest tslib@^2.4.0
160 silly packumentCache full:https://registry.npmjs.org/tslib cache-miss
161 http fetch GET 200 https://registry.npmjs.org/tslib 80ms (cache miss)
162 silly packumentCache full:https://registry.npmjs.org/tslib set size:undefined disposed:false
163 silly placeDep ROOT tslib@2.8.1 OK for: @emnapi/runtime@1.10.0 want: ^2.4.0
164 silly reify moves {}
165 http cache semver@https://registry.npmjs.org/semver/-/semver-7.7.4.tgz 0ms (cache hit)
166 http cache @img/sharp-win32-x64@https://registry.npmjs.org/@img/sharp-win32-x64/-/sharp-win32-x64-0.34.5.tgz 0ms (cache hit)
167 silly tarball no local data for semver@https://registry.npmjs.org/semver/-/semver-7.7.4.tgz. Extracting by manifest.
168 http cache @img/colour@https://registry.npmjs.org/@img/colour/-/colour-1.1.0.tgz 0ms (cache hit)
169 http cache detect-libc@https://registry.npmjs.org/detect-libc/-/detect-libc-2.1.2.tgz 0ms (cache hit)
170 silly tarball no local data for @img/sharp-win32-x64@https://registry.npmjs.org/@img/sharp-win32-x64/-/sharp-win32-x64-0.34.5.tgz. Extracting by manifest.
171 http cache sharp@https://registry.npmjs.org/sharp/-/sharp-0.34.5.tgz 1ms (cache hit)
172 silly tarball no local data for @img/colour@https://registry.npmjs.org/@img/colour/-/colour-1.1.0.tgz. Extracting by manifest.
173 silly tarball no local data for detect-libc@https://registry.npmjs.org/detect-libc/-/detect-libc-2.1.2.tgz. Extracting by manifest.
174 silly tarball no local data for sharp@https://registry.npmjs.org/sharp/-/sharp-0.34.5.tgz. Extracting by manifest.
175 http fetch GET 200 https://registry.npmjs.org/@img/colour/-/colour-1.1.0.tgz 204ms (cache miss)
176 http fetch GET 200 https://registry.npmjs.org/detect-libc/-/detect-libc-2.1.2.tgz 220ms (cache miss)
177 http fetch GET 200 https://registry.npmjs.org/sharp/-/sharp-0.34.5.tgz 525ms (cache miss)
178 http fetch GET 200 https://registry.npmjs.org/semver/-/semver-7.7.4.tgz 561ms (cache miss)
179 http fetch GET 200 https://registry.npmjs.org/@img/sharp-win32-x64/-/sharp-win32-x64-0.34.5.tgz 837ms (cache miss)
180 info run sharp@0.34.5 install node_modules/sharp node install/check.js || npm run build
181 info run sharp@0.34.5 install { code: 'EPERM', signal: undefined }
182 verbose stack Error: spawn EPERM
182 verbose stack     at ChildProcess.spawn (node:internal/child_process:421:11)
182 verbose stack     at spawn (node:child_process:796:9)
182 verbose stack     at promiseSpawn (C:\Program Files\nodejs\node_modules\npm\node_modules\@npmcli\promise-spawn\lib\index.js:39:16)
182 verbose stack     at spawnWithShell (C:\Program Files\nodejs\node_modules\npm\node_modules\@npmcli\promise-spawn\lib\index.js:124:10)
182 verbose stack     at promiseSpawn (C:\Program Files\nodejs\node_modules\npm\node_modules\@npmcli\promise-spawn\lib\index.js:12:12)
182 verbose stack     at runScriptPkg (C:\Program Files\nodejs\node_modules\npm\node_modules\@npmcli\run-script\lib\run-script-pkg.js:79:13)
182 verbose stack     at runScript (C:\Program Files\nodejs\node_modules\npm\node_modules\@npmcli\run-script\lib\run-script.js:9:12)
182 verbose stack     at C:\Program Files\nodejs\node_modules\npm\node_modules\@npmcli\arborist\lib\arborist\rebuild.js:332:17
182 verbose stack     at run (C:\Program Files\nodejs\node_modules\npm\node_modules\promise-call-limit\dist\commonjs\index.js:67:22)
182 verbose stack     at C:\Program Files\nodejs\node_modules\npm\node_modules\promise-call-limit\dist\commonjs\index.js:84:9
183 error code EPERM
184 error syscall spawn
185 error errno -4048
186 error Error: spawn EPERM
186 error     at ChildProcess.spawn (node:internal/child_process:421:11)
186 error     at spawn (node:child_process:796:9)
186 error     at promiseSpawn (C:\Program Files\nodejs\node_modules\npm\node_modules\@npmcli\promise-spawn\lib\index.js:39:16)
186 error     at spawnWithShell (C:\Program Files\nodejs\node_modules\npm\node_modules\@npmcli\promise-spawn\lib\index.js:124:10)
186 error     at promiseSpawn (C:\Program Files\nodejs\node_modules\npm\node_modules\@npmcli\promise-spawn\lib\index.js:12:12)
186 error     at runScriptPkg (C:\Program Files\nodejs\node_modules\npm\node_modules\@npmcli\run-script\lib\run-script-pkg.js:79:13)
186 error     at runScript (C:\Program Files\nodejs\node_modules\npm\node_modules\@npmcli\run-script\lib\run-script.js:9:12)
186 error     at C:\Program Files\nodejs\node_modules\npm\node_modules\@npmcli\arborist\lib\arborist\rebuild.js:332:17
186 error     at run (C:\Program Files\nodejs\node_modules\npm\node_modules\promise-call-limit\dist\commonjs\index.js:67:22)
186 error     at C:\Program Files\nodejs\node_modules\npm\node_modules\promise-call-limit\dist\commonjs\index.js:84:9 {
186 error   errno: -4048,
186 error   code: 'EPERM',
186 error   syscall: 'spawn'
186 error }
187 error
187 error The operation was rejected by your operating system.
187 error It's possible that the file was already in use (by a text editor or antivirus),
187 error or that you lack permissions to access it.
187 error
187 error If you believe this might be a permissions issue, please double-check the
187 error permissions of the file and its containing directories, or try running
187 error the command again as root/Administrator.
188 silly unfinished npm timer reify 1776370704311
189 silly unfinished npm timer reify:build 1776370706413
190 silly unfinished npm timer build 1776370706414
191 silly unfinished npm timer build:deps 1776370706414
192 silly unfinished npm timer build:run:install 1776370706426
193 silly unfinished npm timer build:run:install:node_modules/sharp 1776370706426
194 verbose cwd C:\Users\AlexT\OneDrive\Desktop\VV33\V3-main
195 verbose os Windows_NT 10.0.26200
196 verbose node v24.12.0
197 verbose npm  v11.6.2
198 verbose exit -4048
199 verbose code -4048
200 error A complete log of this run can be found in: C:\Users\AlexT\OneDrive\Desktop\VV33\V3-main\.npm-cache\_logs\2026-04-16T20_18_23_665Z-debug-0.log
